#
# There is insufficient memory for the Java Runtime Environment to continue.
# Native memory allocation (mmap) failed to map 264241152 bytes. Error detail: G1 virtual space
# Possible reasons:
#   The system is out of physical RAM or swap space
#   This process is running with CompressedOops enabled, and the Java Heap may be blocking the growth of the native heap
# Possible solutions:
#   Reduce memory load on the system
#   Increase physical memory or swap space
#   Check if swap backing store is full
#   Decrease Java heap size (-Xmx/-Xms)
#   Decrease number of Java threads
#   Decrease Java thread stack sizes (-Xss)
#   Set larger code cache with -XX:ReservedCodeCacheSize=
#   JVM is running with Zero Based Compressed Oops mode in which the Java heap is
#     placed in the first 32GB address space. The Java Heap base address is the
#     maximum limit for the native heap growth. Please use -XX:HeapBaseMinAddress
#     to set the Java Heap base and to place the Java Heap above 32GB virtual address.
# This output file may be truncated or incomplete.
#
#  Out of Memory Error (os_windows.cpp:3686), pid=13648, tid=17852
#
# JRE version:  (21.0.6+7) (build )
# Java VM: OpenJDK 64-Bit Server VM (21.0.6+7-LTS, mixed mode, sharing, tiered, compressed oops, compressed class ptrs, g1 gc, windows-amd64)
# No core dump will be written. Minidumps are not enabled by default on client versions of Windows
#

---------------  S U M M A R Y ------------

Command Line: -Dfile.encoding=UTF-8 -Dstdout.encoding=UTF-8 -Dstderr.encoding=UTF-8 -XX:+ShowCodeDetailsInExceptionMessages com.example.main.AutowiredDemoApplication

Host: 12th Gen Intel(R) Core(TM) i5-1240P, 16 cores, 15G,  Windows 11 , 64 bit Build 26100 (10.0.26100.7705)
Time: Sat Feb 14 23:15:24 2026 India Standard Time elapsed time: 1.074166 seconds (0d 0h 0m 1s)

---------------  T H R E A D  ---------------

Current thread (0x0000014a78d30d80):  JavaThread "Unknown thread" [_thread_in_vm, id=17852, stack(0x0000001e1ba00000,0x0000001e1bb00000) (1024K)]

Stack: [0x0000001e1ba00000,0x0000001e1bb00000]
Native frames: (J=compiled Java code, j=interpreted, Vv=VM code, C=native code)
V  [jvm.dll+0x6cdee9]
V  [jvm.dll+0x8a83d1]
V  [jvm.dll+0x8aa8fe]
V  [jvm.dll+0x8aafe3]
V  [jvm.dll+0x27f706]
V  [jvm.dll+0x6ca755]
V  [jvm.dll+0x6bea3a]
V  [jvm.dll+0x355d6a]
V  [jvm.dll+0x35d936]
V  [jvm.dll+0x3af58e]
V  [jvm.dll+0x3af838]
V  [jvm.dll+0x329efc]
V  [jvm.dll+0x32aa5b]
V  [jvm.dll+0x871639]
V  [jvm.dll+0x3bc361]
V  [jvm.dll+0x85a763]
V  [jvm.dll+0x45066e]
V  [jvm.dll+0x4522b1]
C  [jli.dll+0x5278]
C  [ucrtbase.dll+0x37b0]
C  [KERNEL32.DLL+0x2e8d7]
C  [ntdll.dll+0x8c40c]


---------------  P R O C E S S  ---------------

Threads class SMR info:
_java_thread_list=0x00007fff4d59a0c8, length=0, elements={
}

Java Threads: ( => current thread )
Total: 0

Other Threads:
  0x0000014a7b046340 WorkerThread "GC Thread#0"                     [id=18412, stack(0x0000001e1bb00000,0x0000001e1bc00000) (1024K)]
  0x0000014a7b056e30 ConcurrentGCThread "G1 Main Marker"            [id=12816, stack(0x0000001e1bc00000,0x0000001e1bd00000) (1024K)]
  0x0000014a7b058f50 WorkerThread "G1 Conc#0"                       [id=4640, stack(0x0000001e1bd00000,0x0000001e1be00000) (1024K)]

[error occurred during error reporting (printing all threads), id 0xc0000005, EXCEPTION_ACCESS_VIOLATION (0xc0000005) at pc=0x00007fff4cc9c827]
VM state: not at safepoint (not fully initialized)

VM Mutex/Monitor currently owned by a thread:  ([mutex/lock_event])
[0x00007fff4d60e480] Heap_lock - owner thread: 0x0000014a78d30d80

Heap address: 0x0000000704e00000, size: 4018 MB, Compressed Oops mode: Zero based, Oop shift amount: 3

CDS archive(s) mapped at: [0x0000000000000000-0x0000000000000000-0x0000000000000000), size 0, SharedBaseAddress: 0x0000000800000000, ArchiveRelocationMode: 1.
Narrow klass base: 0x0000000000000000, Narrow klass shift: 0, Narrow klass range: 0x0

GC Precious Log:
 CardTable entry size: 512
 Card Set container configuration: InlinePtr #cards 4 size 8 Array Of Cards #cards 16 size 48 Howl #buckets 8 coarsen threshold 3686 Howl Bitmap #cards 512 size 80 coarsen threshold 460 Card regions per heap region 1 cards per card region 4096

Heap:
 garbage-first heap   total 0K, used 0K [0x0000000704e00000, 0x0000000800000000)
  region size 2048K, 0 young (0K), 0 survivors (0K)

[error occurred during error reporting (printing heap information), id 0xc0000005, EXCEPTION_ACCESS_VIOLATION (0xc0000005) at pc=0x00007fff4d0879b9]
GC Heap History (0 events):
No events

Dll operation events (1 events):
Event: 0.012 Loaded shared library C:\Users\Atharva Jain\Desktop\KLH\2_2\FSAD\spring_tool_suite_4_4_29_1_RELEASE_e4_35_0_win32_win32_x86_64\sts-4.29.1.RELEASE\plugins\org.eclipse.justj.openjdk.hotspot.jre.full.win32.x86_64_21.0.6.v20250130-0529\jre\bin\java.dll

Deoptimization events (0 events):
No events

Classes loaded (0 events):
No events

Classes unloaded (0 events):
No events

Classes redefined (0 events):
No events

Internal exceptions (0 events):
No events

ZGC Phase Switch (0 events):
No events

VM Operations (0 events):
No events

Memory protections (0 events):
No events

Nmethod flushes (0 events):
No events

Events (0 events):
No events


Dynamic libraries:
0x00007ff6e1460000 - 0x00007ff6e146e000 	C:\Users\Atharva Jain\Desktop\KLH\2_2\FSAD\spring_tool_suite_4_4_29_1_RELEASE_e4_35_0_win32_win32_x86_64\sts-4.29.1.RELEASE\plugins\org.eclipse.justj.openjdk.hotspot.jre.full.win32.x86_64_21.0.6.v20250130-0529\jre\bin\javaw.exe
0x00007fffc8dc0000 - 0x00007fffc9028000 	C:\Windows\SYSTEM32\ntdll.dll
0x00007fffc8210000 - 0x00007fffc82d9000 	C:\Windows\System32\KERNEL32.DLL
0x00007fffc6760000 - 0x00007fffc6b51000 	C:\Windows\System32\KERNELBASE.dll
0x00007fffc5940000 - 0x00007fffc5a8b000 	C:\Windows\System32\ucrtbase.dll
0x00007fffa1670000 - 0x00007fffa1688000 	C:\Users\Atharva Jain\Desktop\KLH\2_2\FSAD\spring_tool_suite_4_4_29_1_RELEASE_e4_35_0_win32_win32_x86_64\sts-4.29.1.RELEASE\plugins\org.eclipse.justj.openjdk.hotspot.jre.full.win32.x86_64_21.0.6.v20250130-0529\jre\bin\jli.dll
0x00007fffa8030000 - 0x00007fffa804e000 	C:\Users\Atharva Jain\Desktop\KLH\2_2\FSAD\spring_tool_suite_4_4_29_1_RELEASE_e4_35_0_win32_win32_x86_64\sts-4.29.1.RELEASE\plugins\org.eclipse.justj.openjdk.hotspot.jre.full.win32.x86_64_21.0.6.v20250130-0529\jre\bin\VCRUNTIME140.dll
0x00007fffc74d0000 - 0x00007fffc7696000 	C:\Windows\System32\USER32.dll
0x00007fffc5a90000 - 0x00007fffc5ab7000 	C:\Windows\System32\win32u.dll
0x00007fffa6c90000 - 0x00007fffa6f23000 	C:\Windows\WinSxS\amd64_microsoft.windows.common-controls_6595b64144ccf1df_6.0.26100.7824_none_3e0870b2e3345462\COMCTL32.dll
0x00007fffc6ff0000 - 0x00007fffc7099000 	C:\Windows\System32\msvcrt.dll
0x00007fffc74a0000 - 0x00007fffc74cb000 	C:\Windows\System32\GDI32.dll
0x00007fffc5810000 - 0x00007fffc593b000 	C:\Windows\System32\gdi32full.dll
0x00007fffc66b0000 - 0x00007fffc6753000 	C:\Windows\System32\msvcp_win.dll
0x00007fffc84a0000 - 0x00007fffc84d1000 	C:\Windows\System32\IMM32.DLL
0x00007fffb9130000 - 0x00007fffb913c000 	C:\Users\Atharva Jain\Desktop\KLH\2_2\FSAD\spring_tool_suite_4_4_29_1_RELEASE_e4_35_0_win32_win32_x86_64\sts-4.29.1.RELEASE\plugins\org.eclipse.justj.openjdk.hotspot.jre.full.win32.x86_64_21.0.6.v20250130-0529\jre\bin\vcruntime140_1.dll
0x00007fff93a00000 - 0x00007fff93a8d000 	C:\Users\Atharva Jain\Desktop\KLH\2_2\FSAD\spring_tool_suite_4_4_29_1_RELEASE_e4_35_0_win32_win32_x86_64\sts-4.29.1.RELEASE\plugins\org.eclipse.justj.openjdk.hotspot.jre.full.win32.x86_64_21.0.6.v20250130-0529\jre\bin\msvcp140.dll
0x00007fff4c960000 - 0x00007fff4d6f0000 	C:\Users\Atharva Jain\Desktop\KLH\2_2\FSAD\spring_tool_suite_4_4_29_1_RELEASE_e4_35_0_win32_win32_x86_64\sts-4.29.1.RELEASE\plugins\org.eclipse.justj.openjdk.hotspot.jre.full.win32.x86_64_21.0.6.v20250130-0529\jre\bin\server\jvm.dll
0x00007fffc8c40000 - 0x00007fffc8cf4000 	C:\Windows\System32\ADVAPI32.dll
0x00007fffc77c0000 - 0x00007fffc7866000 	C:\Windows\System32\sechost.dll
0x00007fffc76a0000 - 0x00007fffc77b8000 	C:\Windows\System32\RPCRT4.dll
0x00007fffc8d00000 - 0x00007fffc8d74000 	C:\Windows\System32\WS2_32.dll
0x00007fffbe290000 - 0x00007fffbe29b000 	C:\Windows\SYSTEM32\VERSION.dll
0x00007fffc5500000 - 0x00007fffc555e000 	C:\Windows\SYSTEM32\POWRPROF.dll
0x00007fffc2be0000 - 0x00007fffc2c15000 	C:\Windows\SYSTEM32\WINMM.dll
0x00007fffc54e0000 - 0x00007fffc54f4000 	C:\Windows\SYSTEM32\UMPDC.dll
0x00007fffc4400000 - 0x00007fffc441b000 	C:\Windows\SYSTEM32\kernel.appcore.dll
0x00007fffc2960000 - 0x00007fffc296a000 	C:\Users\Atharva Jain\Desktop\KLH\2_2\FSAD\spring_tool_suite_4_4_29_1_RELEASE_e4_35_0_win32_win32_x86_64\sts-4.29.1.RELEASE\plugins\org.eclipse.justj.openjdk.hotspot.jre.full.win32.x86_64_21.0.6.v20250130-0529\jre\bin\jimage.dll
0x00007fffc34e0000 - 0x00007fffc3722000 	C:\Windows\SYSTEM32\DBGHELP.DLL
0x00007fffc8890000 - 0x00007fffc8c16000 	C:\Windows\System32\combase.dll
0x00007fffc84e0000 - 0x00007fffc85b7000 	C:\Windows\System32\OLEAUT32.dll
0x00007fffafa20000 - 0x00007fffafa5b000 	C:\Windows\SYSTEM32\dbgcore.DLL
0x00007fffc5ac0000 - 0x00007fffc5b65000 	C:\Windows\System32\bcryptPrimitives.dll
0x00007fffb9190000 - 0x00007fffb91af000 	C:\Users\Atharva Jain\Desktop\KLH\2_2\FSAD\spring_tool_suite_4_4_29_1_RELEASE_e4_35_0_win32_win32_x86_64\sts-4.29.1.RELEASE\plugins\org.eclipse.justj.openjdk.hotspot.jre.full.win32.x86_64_21.0.6.v20250130-0529\jre\bin\java.dll

dbghelp: loaded successfully - version: 4.0.5 - missing functions: none
symbol engine: initialized successfully - sym options: 0x614 - pdb path: .;C:\Users\Atharva Jain\Desktop\KLH\2_2\FSAD\spring_tool_suite_4_4_29_1_RELEASE_e4_35_0_win32_win32_x86_64\sts-4.29.1.RELEASE\plugins\org.eclipse.justj.openjdk.hotspot.jre.full.win32.x86_64_21.0.6.v20250130-0529\jre\bin;C:\Windows\SYSTEM32;C:\Windows\WinSxS\amd64_microsoft.windows.common-controls_6595b64144ccf1df_6.0.26100.7824_none_3e0870b2e3345462;C:\Users\Atharva Jain\Desktop\KLH\2_2\FSAD\spring_tool_suite_4_4_29_1_RELEASE_e4_35_0_win32_win32_x86_64\sts-4.29.1.RELEASE\plugins\org.eclipse.justj.openjdk.hotspot.jre.full.win32.x86_64_21.0.6.v20250130-0529\jre\bin\server

VM Arguments:
jvm_args: -Dfile.encoding=UTF-8 -Dstdout.encoding=UTF-8 -Dstderr.encoding=UTF-8 -XX:+ShowCodeDetailsInExceptionMessages 
java_command: com.example.main.AutowiredDemoApplication
java_class_path (initial): C:\Users\Atharva Jain\Desktop\KLH\2_2\FSAD\AutowiredDemo\target\classes;C:\Users\Atharva Jain\.m2\repository\org\springframework\spring-context\6.1.0\spring-context-6.1.0.jar;C:\Users\Atharva Jain\.m2\repository\org\springframework\spring-aop\6.1.0\spring-aop-6.1.0.jar;C:\Users\Atharva Jain\.m2\repository\org\springframework\spring-beans\6.1.0\spring-beans-6.1.0.jar;C:\Users\Atharva Jain\.m2\repository\org\springframework\spring-core\6.1.0\spring-core-6.1.0.jar;C:\Users\Atharva Jain\.m2\repository\org\springframework\spring-jcl\6.1.0\spring-jcl-6.1.0.jar;C:\Users\Atharva Jain\.m2\repository\org\springframework\spring-expression\6.1.0\spring-expression-6.1.0.jar;C:\Users\Atharva Jain\.m2\repository\io\micrometer\micrometer-observation\1.12.0\micrometer-observation-1.12.0.jar;C:\Users\Atharva Jain\.m2\repository\io\micrometer\micrometer-commons\1.12.0\micrometer-commons-1.12.0.jar
Launcher Type: SUN_STANDARD

[Global flags]
     intx CICompilerCount                          = 12                                        {product} {ergonomic}
     uint ConcGCThreads                            = 3                                         {product} {ergonomic}
     uint G1ConcRefinementThreads                  = 13                                        {product} {ergonomic}
   size_t G1HeapRegionSize                         = 2097152                                   {product} {ergonomic}
    uintx GCDrainStackTargetSize                   = 64                                        {product} {ergonomic}
   size_t InitialHeapSize                          = 264241152                                 {product} {ergonomic}
   size_t MarkStackSize                            = 4194304                                   {product} {ergonomic}
   size_t MaxHeapSize                              = 4213178368                                {product} {ergonomic}
   size_t MinHeapDeltaBytes                        = 2097152                                   {product} {ergonomic}
   size_t MinHeapSize                              = 8388608                                   {product} {ergonomic}
    uintx NonNMethodCodeHeapSize                   = 7602480                                {pd product} {ergonomic}
    uintx NonProfiledCodeHeapSize                  = 122027880                              {pd product} {ergonomic}
    uintx ProfiledCodeHeapSize                     = 122027880                              {pd product} {ergonomic}
    uintx ReservedCodeCacheSize                    = 251658240                              {pd product} {ergonomic}
     bool SegmentedCodeCache                       = true                                      {product} {ergonomic}
     bool ShowCodeDetailsInExceptionMessages       = true                                   {manageable} {command line}
   size_t SoftMaxHeapSize                          = 4213178368                             {manageable} {ergonomic}
     bool UseCompressedOops                        = true                           {product lp64_product} {ergonomic}
     bool UseG1GC                                  = true                                      {product} {ergonomic}
     bool UseLargePagesIndividualAllocation        = false                                  {pd product} {ergonomic}

Logging:
Log output configuration:
 #0: stdout all=warning uptime,level,tags foldmultilines=false
 #1: stderr all=off uptime,level,tags foldmultilines=false

Environment Variables:
PATH=C:/Users/Atharva Jain/Desktop/KLH/2_2/FSAD/spring_tool_suite_4_4_29_1_RELEASE_e4_35_0_win32_win32_x86_64/sts-4.29.1.RELEASE//plugins/org.eclipse.justj.openjdk.hotspot.jre.full.win32.x86_64_21.0.6.v20250130-0529/jre/bin/server;C:/Users/Atharva Jain/Desktop/KLH/2_2/FSAD/spring_tool_suite_4_4_29_1_RELEASE_e4_35_0_win32_win32_x86_64/sts-4.29.1.RELEASE//plugins/org.eclipse.justj.openjdk.hotspot.jre.full.win32.x86_64_21.0.6.v20250130-0529/jre/bin;C:\Python314\Scripts\;C:\Python314\;C:\Windows\system32;C:\Windows;C:\Windows\System32\Wbem;C:\Windows\System32\WindowsPowerShell\v1.0\;C:\Windows\System32\OpenSSH\;C:\Program Files\dotnet\;C:\Program Files\Git\cmd;C:\Program Files\KeePassXC\;C:\Program Files\PowerShell\7\;C:\Program Files\NVIDIA Corporation\NVIDIA App\NvDLISR;C:\Program Files (x86)\NVIDIA Corporation\PhysX\Common;C:\Program Files\nodejs\;C:\ProgramData\chocolatey\bin;C:\Program Files\Docker\Docker\resources\bin;C:\Users\Atharva Jain\AppData\Local\Programs\Eclipse Adoptium\jdk-21.0.9.10-hotspot\bin;C:\Users\Atharva Jain\AppData\Local\Programs\Python\Python313\Scripts\;C:\Users\Atharva Jain\AppData\Local\Programs\Python\Python313\;C:\Users\Atharva Jain\AppData\Local\Programs\Python\Launcher\;C:\Users\Atharva Jain\AppData\Local\Microsoft\WindowsApps;C:\Users\Atharva Jain\AppData\Local\Programs\Microsoft VS Code\bin;C:\msys64\ucrt64\bin;C:\Users\Atharva Jain\AppData\Local\Programs\Antigravity\bin;C:\Users\Atharva Jain\AppData\Roaming\npm;C:\apache-maven-3.9.12-bin\apache-maven-3.9.12\bin;C:\Users\Atharva Jain\AppData\Local\Pandoc\;C:\Users\Atharva Jain\AppData\Local\PowerToys\DSCModules\;C:\Windows\SystemApps\MicrosoftWindows.Client.CBS_cw5n1h2txyewy;
USERNAME=Atharva Jain
OS=Windows_NT
PROCESSOR_IDENTIFIER=Intel64 Family 6 Model 154 Stepping 3, GenuineIntel
TMP=C:\Users\ATHARV~1\AppData\Local\Temp
TEMP=C:\Users\ATHARV~1\AppData\Local\Temp




Periodic native trim disabled

---------------  S Y S T E M  ---------------

OS:
 Windows 11 , 64 bit Build 26100 (10.0.26100.7705)
OS uptime: 0 days 10:39 hours
Hyper-V role detected

CPU: total 16 (initial active 16) (8 cores per cpu, 2 threads per core) family 6 model 154 stepping 3 microcode 0x437, cx8, cmov, fxsr, ht, mmx, 3dnowpref, sse, sse2, sse3, ssse3, sse4.1, sse4.2, popcnt, lzcnt, tsc, tscinvbit, avx, avx2, aes, erms, clmul, bmi1, bmi2, adx, sha, fma, vzeroupper, clflush, clflushopt, clwb, hv, serialize, rdtscp, rdpid, fsrm, f16c, cet_ibt, cet_ss
Processor Information for processor 0
  Max Mhz: 1700, Current Mhz: 1700, Mhz Limit: 1700
Processor Information for processor 1
  Max Mhz: 1700, Current Mhz: 1457, Mhz Limit: 1700
Processor Information for processor 2
  Max Mhz: 1700, Current Mhz: 1700, Mhz Limit: 1700
Processor Information for processor 3
  Max Mhz: 1700, Current Mhz: 1457, Mhz Limit: 1700
Processor Information for processor 4
  Max Mhz: 1700, Current Mhz: 1700, Mhz Limit: 1700
Processor Information for processor 5
  Max Mhz: 1700, Current Mhz: 1700, Mhz Limit: 1700
Processor Information for processor 6
  Max Mhz: 1700, Current Mhz: 1700, Mhz Limit: 1700
Processor Information for processor 7
  Max Mhz: 1700, Current Mhz: 1700, Mhz Limit: 1700
Processor Information for processor 8
  Max Mhz: 1700, Current Mhz: 1700, Mhz Limit: 1700
Processor Information for processor 9
  Max Mhz: 1700, Current Mhz: 1700, Mhz Limit: 1700
Processor Information for processor 10
  Max Mhz: 1700, Current Mhz: 1558, Mhz Limit: 1700
Processor Information for processor 11
  Max Mhz: 1700, Current Mhz: 1558, Mhz Limit: 1700
Processor Information for processor 12
  Max Mhz: 1700, Current Mhz: 1558, Mhz Limit: 1700
Processor Information for processor 13
  Max Mhz: 1700, Current Mhz: 1558, Mhz Limit: 1700
Processor Information for processor 14
  Max Mhz: 1700, Current Mhz: 1700, Mhz Limit: 1700
Processor Information for processor 15
  Max Mhz: 1700, Current Mhz: 1558, Mhz Limit: 1700

Memory: 4k page, system-wide physical 16068M (4295M free)
TotalPageFile size 16068M (AvailPageFile size 252M)
current process WorkingSet (physical memory assigned to process): 12M, peak: 12M
current process commit charge ("private bytes"): 70M, peak: 322M

vm_info: OpenJDK 64-Bit Server VM (21.0.6+7-LTS) for windows-amd64 JRE (21.0.6+7-LTS), built on 2025-01-21T00:00:00Z by "admin" with MS VC++ 17.7 (VS2022)

END.
